18.11.2021 14:41:37 INFO  :784 - # Carregando empresas no sistema, aguarde...
18.11.2021 14:41:39 INFO  :793 - # Empresas carregadas com sucesso.
18.11.2021 14:44:24 INFO  :787 - # Carregando empresas no sistema, aguarde...
18.11.2021 14:44:25 INFO  :796 - # Empresas carregadas com sucesso.
18.11.2021 14:46:52 INFO  :787 - # Carregando empresas no sistema, aguarde...
18.11.2021 14:46:53 INFO  :796 - # Empresas carregadas com sucesso.
18.11.2021 14:48:02 INFO  :787 - # Carregando empresas no sistema, aguarde...
18.11.2021 14:48:03 INFO  :796 - # Empresas carregadas com sucesso.
18.11.2021 14:49:58 INFO  :790 - # Carregando empresas no sistema, aguarde...
18.11.2021 14:49:58 INFO  :799 - # Empresas carregadas com sucesso.
18.11.2021 14:50:41 INFO  :790 - # Carregando empresas no sistema, aguarde...
18.11.2021 14:50:42 INFO  :799 - # Empresas carregadas com sucesso.
18.11.2021 14:59:15 INFO  :789 - # Carregando empresas no sistema, aguarde...
18.11.2021 14:59:16 INFO  :798 - # Empresas carregadas com sucesso.
18.11.2021 15:00:04 INFO  :789 - # Carregando empresas no sistema, aguarde...
18.11.2021 15:00:04 INFO  :798 - # Empresas carregadas com sucesso.
18.11.2021 15:51:45 INFO  :894 - # Carregando empresas no sistema, aguarde...
18.11.2021 15:51:48 INFO  :903 - # Empresas carregadas com sucesso.
18.11.2021 15:52:10 INFO  :894 - # Carregando empresas no sistema, aguarde...
18.11.2021 15:52:10 INFO  :903 - # Empresas carregadas com sucesso.
18.11.2021 15:53:38 INFO  :895 - # Carregando empresas no sistema, aguarde...
18.11.2021 15:53:39 INFO  :904 - # Empresas carregadas com sucesso.
18.11.2021 16:09:47 INFO  :896 - # Carregando empresas no sistema, aguarde...
18.11.2021 16:09:48 INFO  :905 - # Empresas carregadas com sucesso.
18.11.2021 16:10:01 INFO  :896 - # Carregando empresas no sistema, aguarde...
18.11.2021 16:10:02 INFO  :905 - # Empresas carregadas com sucesso.
18.11.2021 16:10:28 INFO  :896 - # Carregando empresas no sistema, aguarde...
18.11.2021 16:10:29 INFO  :905 - # Empresas carregadas com sucesso.
18.11.2021 16:10:53 INFO  :896 - # Carregando empresas no sistema, aguarde...
18.11.2021 16:10:54 INFO  :905 - # Empresas carregadas com sucesso.
18.11.2021 16:12:32 INFO  :896 - # Carregando empresas no sistema, aguarde...
18.11.2021 16:12:33 INFO  :905 - # Empresas carregadas com sucesso.
18.11.2021 16:12:42 ERROR :737 - net.sf.jasperreports.engine.JRException: Error retrieving field value from bean: empresaNome.
	at net.sf.jasperreports.engine.data.JRAbstractBeanDataSource.getBeanProperty(JRAbstractBeanDataSource.java:205)
	at net.sf.jasperreports.engine.data.JRAbstractBeanDataSource.getFieldValue(JRAbstractBeanDataSource.java:170)
	at net.sf.jasperreports.engine.data.JRBeanCollectionDataSource.getFieldValue(JRBeanCollectionDataSource.java:104)
	at net.sf.jasperreports.engine.fill.JRFillDataset.setOldValues(JRFillDataset.java:1501)
	at net.sf.jasperreports.engine.fill.JRFillDataset.next(JRFillDataset.java:1402)
	at net.sf.jasperreports.engine.fill.JRFillDataset.next(JRFillDataset.java:1378)
	at net.sf.jasperreports.engine.fill.JRBaseFiller.next(JRBaseFiller.java:1194)
	at net.sf.jasperreports.engine.fill.JRHorizontalFiller.fillReport(JRHorizontalFiller.java:114)
	at net.sf.jasperreports.engine.fill.JRBaseFiller.fill(JRBaseFiller.java:615)
	at net.sf.jasperreports.engine.fill.BaseReportFiller.fill(BaseReportFiller.java:433)
	at net.sf.jasperreports.engine.fill.JRFiller.fill(JRFiller.java:162)
	at net.sf.jasperreports.engine.fill.JRFiller.fill(JRFiller.java:145)
	at net.sf.jasperreports.engine.JasperFillManager.fill(JasperFillManager.java:758)
	at net.sf.jasperreports.engine.JasperFillManager.fillReport(JasperFillManager.java:1074)
	at info.evoluti.etiquetas.utils.Util.getJasperPrintEtq(Util.java:46)
	at info.evoluti.etiquetas.views.Main.jbVisualizar1ActionPerformed(Main.java:734)
	at info.evoluti.etiquetas.views.Main.access$900(Main.java:50)
	at info.evoluti.etiquetas.views.Main$12.actionPerformed(Main.java:329)
	at javax.swing.AbstractButton.fireActionPerformed(AbstractButton.java:2022)
	at javax.swing.AbstractButton$Handler.actionPerformed(AbstractButton.java:2348)
	at javax.swing.DefaultButtonModel.fireActionPerformed(DefaultButtonModel.java:402)
	at javax.swing.DefaultButtonModel.setPressed(DefaultButtonModel.java:259)
	at javax.swing.plaf.basic.BasicButtonListener.mouseReleased(BasicButtonListener.java:252)
	at java.awt.Component.processMouseEvent(Component.java:6539)
	at javax.swing.JComponent.processMouseEvent(JComponent.java:3324)
	at java.awt.Component.processEvent(Component.java:6304)
	at java.awt.Container.processEvent(Container.java:2239)
	at java.awt.Component.dispatchEventImpl(Component.java:4889)
	at java.awt.Container.dispatchEventImpl(Container.java:2297)
	at java.awt.Component.dispatchEvent(Component.java:4711)
	at java.awt.LightweightDispatcher.retargetMouseEvent(Container.java:4904)
	at java.awt.LightweightDispatcher.processMouseEvent(Container.java:4535)
	at java.awt.LightweightDispatcher.dispatchEvent(Container.java:4476)
	at java.awt.Container.dispatchEventImpl(Container.java:2283)
	at java.awt.Window.dispatchEventImpl(Window.java:2746)
	at java.awt.Component.dispatchEvent(Component.java:4711)
	at java.awt.EventQueue.dispatchEventImpl(EventQueue.java:760)
	at java.awt.EventQueue.access$500(EventQueue.java:97)
	at java.awt.EventQueue$3.run(EventQueue.java:709)
	at java.awt.EventQueue$3.run(EventQueue.java:703)
	at java.security.AccessController.doPrivileged(Native Method)
	at java.security.ProtectionDomain$JavaSecurityAccessImpl.doIntersectionPrivilege(ProtectionDomain.java:74)
	at java.security.ProtectionDomain$JavaSecurityAccessImpl.doIntersectionPrivilege(ProtectionDomain.java:84)
	at java.awt.EventQueue$4.run(EventQueue.java:733)
	at java.awt.EventQueue$4.run(EventQueue.java:731)
	at java.security.AccessController.doPrivileged(Native Method)
	at java.security.ProtectionDomain$JavaSecurityAccessImpl.doIntersectionPrivilege(ProtectionDomain.java:74)
	at java.awt.EventQueue.dispatchEvent(EventQueue.java:730)
	at java.awt.EventDispatchThread.pumpOneEventForFilters(EventDispatchThread.java:205)
	at java.awt.EventDispatchThread.pumpEventsForFilter(EventDispatchThread.java:116)
	at java.awt.EventDispatchThread.pumpEventsForHierarchy(EventDispatchThread.java:105)
	at java.awt.EventDispatchThread.pumpEvents(EventDispatchThread.java:101)
	at java.awt.EventDispatchThread.pumpEvents(EventDispatchThread.java:93)
	at java.awt.EventDispatchThread.run(EventDispatchThread.java:82)
Caused by: java.lang.NoSuchMethodException: Unknown property 'empresaNome' on class 'class info.evoluti.etiquetas.models.ModelEtqProd'
	at org.apache.commons.beanutils.PropertyUtilsBean.getSimpleProperty(PropertyUtilsBean.java:1270)
	at org.apache.commons.beanutils.PropertyUtilsBean.getNestedProperty(PropertyUtilsBean.java:809)
	at org.apache.commons.beanutils.PropertyUtilsBean.getProperty(PropertyUtilsBean.java:885)
	at org.apache.commons.beanutils.PropertyUtils.getProperty(PropertyUtils.java:464)
	at net.sf.jasperreports.engine.data.JRAbstractBeanDataSource.getBeanProperty(JRAbstractBeanDataSource.java:185)
	... 53 more

18.11.2021 16:17:16 INFO  :897 - # Carregando empresas no sistema, aguarde...
18.11.2021 16:17:17 INFO  :906 - # Empresas carregadas com sucesso.
